<?xml version="1.0" encoding="UTF-8"?>
<!-- Generated by org.testng.reporters.JUnitReportReporter -->
<testsuite hostname="Jarvis" failures="0" tests="1" name="allyTest.AmazonAllyTest" time="6.042" errors="0" timestamp="2023-01-14T00:27:31 IST" skipped="0">
  <testcase classname="allyTest.AmazonAllyTest" name="testAccessabilityWithWebElement" time="6.042"/>
  <system-out/>
</testsuite> <!-- allyTest.AmazonAllyTest -->
